<?xml version="1.0" encoding="UTF-8"?>
<!-- Generated by org.testng.reporters.JUnitReportReporter -->
<testsuite hostname="DESKTOP-1VO92GI" failures="0" tests="1" name="com.facebook.PostStatus" time="14.778" errors="0" timestamp="2019-07-24T16:45:48 IST" skipped="0">
  <testcase classname="com.facebook.PostStatus" name="postStatus" time="14.778"/>
</testsuite> <!-- com.facebook.PostStatus -->
